<?xml version="1.0" encoding="UTF-8"?>
<!-- Generated by org.testng.reporters.JUnitXMLReporter -->
<testsuite ignored="12" hostname="LAPTOP-RAGTTIV5" failures="1" tests="31" name="FirefoxTest" time="2.006" errors="0" timestamp="2025-04-09T04:54:36 IST">
  <testcase classname="tests.SearchHotelTest" name="searchHotelTests" time="0.0">
    <skipped/>
  </testcase> <!-- searchHotelTests -->
  <testcase classname="tests.SearchHotelTest" name="searchHotelTests" time="0.0">
    <skipped/>
  </testcase> <!-- searchHotelTests -->
  <testcase classname="tests.SearchHotelTest" name="searchHotelTests" time="0.0">
    <skipped/>
  </testcase> <!-- searchHotelTests -->
  <testcase classname="tests.SearchHotelTest" name="searchHotelTests" time="0.0">
    <skipped/>
  </testcase> <!-- searchHotelTests -->
  <testcase classname="tests.SearchHotelTest" name="searchHotelTests" time="0.0">
    <skipped/>
  </testcase> <!-- searchHotelTests -->
  <testcase classname="tests.BookHotelTest" name="bookHotelTests" time="0.0">
    <skipped/>
  </testcase> <!-- bookHotelTests -->
  <testcase classname="tests.BookHotelTest" name="bookHotelTests" time="0.0">
    <skipped/>
  </testcase> <!-- bookHotelTests -->
  <testcase classname="tests.BookHotelTest" name="bookHotelTests" time="0.0">
    <skipped/>
  </testcase> <!-- bookHotelTests -->
  <testcase classname="tests.BookHotelTest" name="bookHotelTests" time="0.0">
    <skipped/>
  </testcase> <!-- bookHotelTests -->
  <testcase classname="tests.ItineraryTest" name="confirmBookingAndFetchOrderId" time="0.0">
    <skipped/>
  </testcase> <!-- confirmBookingAndFetchOrderId -->
  <testcase classname="tests.LogoutTest" name="logoutBtnVisible" time="0.0">
    <skipped/>
  </testcase> <!-- logoutBtnVisible -->
  <testcase classname="tests.LoginTest" name="tesLoginFunction" time="0.0">
    <skipped/>
  </testcase> <!-- tesLoginFunction -->
  <testcase classname="tests.LoginTest" name="tesLoginFunction" time="0.0">
    <skipped/>
  </testcase> <!-- tesLoginFunction -->
  <testcase classname="tests.LoginTest" name="tesLoginFunction" time="0.0">
    <skipped/>
  </testcase> <!-- tesLoginFunction -->
  <testcase classname="tests.LoginTest" name="tesLoginFunction" time="0.0">
    <skipped/>
  </testcase> <!-- tesLoginFunction -->
  <testcase classname="tests.LoginTest" name="tesLoginFunction" time="0.0">
    <skipped/>
  </testcase> <!-- tesLoginFunction -->
  <testcase classname="tests.LoginTest" name="tesLoginFunction" time="0.0">
    <skipped/>
  </testcase> <!-- tesLoginFunction -->
  <testcase classname="tests.LoginTest" name="tesLoginFunction" time="0.0">
    <skipped/>
  </testcase> <!-- tesLoginFunction -->
  <testcase classname="tests.RegisterTest" name="testRegistration" time="0.0">
    <failure type="org.testng.TestNGException" message="
Method public void tests.RegisterTest.testRegistration(java.lang.String,java.lang.String,java.lang.String,java.lang.String,java.lang.String,java.lang.String,java.lang.String,java.lang.String,java.lang.String) requires a @DataProvider named : RegisterData">
      <![CDATA[org.testng.TestNGException: 
Method public void tests.RegisterTest.testRegistration(java.lang.String,java.lang.String,java.lang.String,java.lang.String,java.lang.String,java.lang.String,java.lang.String,java.lang.String,java.lang.String) requires a @DataProvider named : RegisterData
at java.base/java.util.ArrayList.forEach(ArrayList.java:1511)
at java.base/java.util.concurrent.FutureTask.run(FutureTask.java:264)
at java.base/java.util.concurrent.ThreadPoolExecutor.runWorker(ThreadPoolExecutor.java:1136)
at java.base/java.util.concurrent.ThreadPoolExecutor$Worker.run(ThreadPoolExecutor.java:635)
at java.base/java.lang.Thread.run(Thread.java:840)
... Removed 14 stack frames]]>
    </failure>
  </testcase> <!-- testRegistration -->
  <testcase classname="tests.SelectHotelTest" name="testSelectHotelAndContinue" time="0.001">
    <skipped/>
  </testcase> <!-- testSelectHotelAndContinue -->
  <testcase classname="tests.ItineraryTest" name="accessMyItinerary" time="0.0">
    <skipped/>
  </testcase> <!-- accessMyItinerary -->
  <testcase classname="tests.SelectHotelTest" name="testContinueWithoutSelection" time="0.0">
    <skipped/>
  </testcase> <!-- testContinueWithoutSelection -->
  <testcase classname="tests.RegisterTest" name="testResetFunctionality" time="0.0">
    <skipped/>
  </testcase> <!-- testResetFunctionality -->
  <testcase classname="tests.LogoutTest" name="validLogout" time="0.0">
    <skipped/>
  </testcase> <!-- validLogout -->
  <testcase classname="tests.ItineraryTest" name="searchOrderId" time="0.0">
    <skipped/>
  </testcase> <!-- searchOrderId -->
  <testcase classname="tests.ItineraryTest" name="cancelBooking" time="0.0">
    <skipped/>
  </testcase> <!-- cancelBooking -->
  <testcase classname="tests.LogoutTest" name="testDirectLogoutWithoutLogin" time="0.0">
    <skipped/>
  </testcase> <!-- testDirectLogoutWithoutLogin -->
  <testcase classname="tests.ItineraryTest" name="cancelAlreadyCanceledBooking" time="0.0">
    <skipped/>
  </testcase> <!-- cancelAlreadyCanceledBooking -->
  <testcase classname="tests.LogoutTest" name="refreshAfterLogout" time="0.0">
    <skipped/>
  </testcase> <!-- refreshAfterLogout -->
  <testcase classname="tests.LogoutTest" name="testLogoutInMultipleTabs" time="0.0">
    <skipped/>
  </testcase> <!-- testLogoutInMultipleTabs -->
  <testcase classname="tests.LogoutTest" name="testLogoutWithInvalidSession" time="0.001">
    <skipped/>
  </testcase> <!-- testLogoutWithInvalidSession -->
  <testcase classname="base.ProjectSpecification" name="@BeforeSuite setupReport" time="0.0">
    <ignored/>
  </testcase> <!-- @BeforeSuite setupReport -->
  <testcase classname="base.ProjectSpecification" name="@AfterSuite reportClose" time="0.0">
    <ignored/>
  </testcase> <!-- @AfterSuite reportClose -->
  <testcase classname="base.ProjectSpecification" name="@AfterSuite reportClose" time="0.0">
    <ignored/>
  </testcase> <!-- @AfterSuite reportClose -->
  <testcase classname="base.ProjectSpecification" name="@BeforeSuite setupReport" time="0.0">
    <ignored/>
  </testcase> <!-- @BeforeSuite setupReport -->
  <testcase classname="base.ProjectSpecification" name="@BeforeSuite setupReport" time="0.0">
    <ignored/>
  </testcase> <!-- @BeforeSuite setupReport -->
  <testcase classname="base.ProjectSpecification" name="@BeforeSuite setupReport" time="0.0">
    <ignored/>
  </testcase> <!-- @BeforeSuite setupReport -->
  <testcase classname="base.ProjectSpecification" name="@BeforeSuite setupReport" time="0.0">
    <ignored/>
  </testcase> <!-- @BeforeSuite setupReport -->
  <testcase classname="base.ProjectSpecification" name="@AfterSuite reportClose" time="0.0">
    <ignored/>
  </testcase> <!-- @AfterSuite reportClose -->
  <testcase classname="base.ProjectSpecification" name="@AfterSuite reportClose" time="0.0">
    <ignored/>
  </testcase> <!-- @AfterSuite reportClose -->
  <testcase classname="base.ProjectSpecification" name="@AfterSuite reportClose" time="0.0">
    <ignored/>
  </testcase> <!-- @AfterSuite reportClose -->
  <testcase classname="base.ProjectSpecification" name="@AfterSuite reportClose" time="0.0">
    <ignored/>
  </testcase> <!-- @AfterSuite reportClose -->
  <testcase classname="base.ProjectSpecification" name="@BeforeSuite setupReport" time="0.0">
    <ignored/>
  </testcase> <!-- @BeforeSuite setupReport -->
</testsuite> <!-- FirefoxTest -->
